
===========================================================================
report_checks -unconstrained
===========================================================================
======================= Typical Corner ===================================

Startpoint: opcode[0] (input port clocked by __VIRTUAL_CLK__)
Endpoint: out[5] (output port clocked by __VIRTUAL_CLK__)
Path Group: __VIRTUAL_CLK__
Path Type: max

Fanout     Cap    Slew   Delay    Time   Description
-----------------------------------------------------------------------------
                  0.00    0.00    0.00   clock __VIRTUAL_CLK__ (rise edge)
                          0.00    0.00   clock network delay (ideal)
                          2.00    2.00 v input external delay
     5    0.01    0.02    0.02    2.02 v opcode[0] (in)
                                         opcode[0] (net)
                  0.02    0.00    2.02 v _222_/A_N (sky130_fd_sc_hd__nand3b_2)
     8    0.02    0.15    0.28    2.30 v _222_/Y (sky130_fd_sc_hd__nand3b_2)
                                         _150_ (net)
                  0.15    0.00    2.30 v _234_/C (sky130_fd_sc_hd__and3_2)
     2    0.01    0.05    0.28    2.58 v _234_/X (sky130_fd_sc_hd__and3_2)
                                         _001_ (net)
                  0.05    0.00    2.58 v _236_/A1 (sky130_fd_sc_hd__o21a_2)
     4    0.01    0.06    0.25    2.82 v _236_/X (sky130_fd_sc_hd__o21a_2)
                                         _003_ (net)
                  0.06    0.00    2.82 v _239_/B1 (sky130_fd_sc_hd__a211oi_2)
     3    0.01    0.22    0.26    3.08 ^ _239_/Y (sky130_fd_sc_hd__a211oi_2)
                                         _006_ (net)
                  0.22    0.00    3.08 ^ _241_/A2 (sky130_fd_sc_hd__o21ai_2)
     5    0.01    0.08    0.12    3.20 v _241_/Y (sky130_fd_sc_hd__o21ai_2)
                                         _008_ (net)
                  0.08    0.00    3.20 v _248_/A2 (sky130_fd_sc_hd__a311o_2)
     5    0.01    0.09    0.44    3.64 v _248_/X (sky130_fd_sc_hd__a311o_2)
                                         _015_ (net)
                  0.09    0.00    3.64 v _249_/C (sky130_fd_sc_hd__and3_2)
     1    0.00    0.03    0.22    3.86 v _249_/X (sky130_fd_sc_hd__and3_2)
                                         _016_ (net)
                  0.03    0.00    3.86 v _253_/A (sky130_fd_sc_hd__or3_2)
     1    0.00    0.08    0.49    4.35 v _253_/X (sky130_fd_sc_hd__or3_2)
                                         _020_ (net)
                  0.08    0.00    4.35 v _254_/B2 (sky130_fd_sc_hd__a22oi_2)
     1    0.03    0.46    0.41    4.77 ^ _254_/Y (sky130_fd_sc_hd__a22oi_2)
                                         out[5] (net)
                  0.46    0.00    4.77 ^ out[5] (out)
                                  4.77   data arrival time

                  0.00   10.00   10.00   clock __VIRTUAL_CLK__ (rise edge)
                          0.00   10.00   clock network delay (ideal)
                         -0.25    9.75   clock uncertainty
                          0.00    9.75   clock reconvergence pessimism
                         -2.00    7.75   output external delay
                                  7.75   data required time
-----------------------------------------------------------------------------
                                  7.75   data required time
                                 -4.77   data arrival time
-----------------------------------------------------------------------------
                                  2.98   slack (MET)




===========================================================================
report_checks --slack_max -0.01
============================================================================
======================= Typical Corner ===================================

No paths found.


===========================================================================
 report_check_types -max_slew -max_cap -max_fanout -violators
============================================================================
======================= Typical Corner ===================================


max slew violations count Typical: 0
max fanout violations count Typical: 0
max cap violations count Typical: 0

===========================================================================
report_parasitic_annotation -report_unannotated
============================================================================
Found 188 unannotated drivers.
 A[0]
 A[1]
 A[2]
 A[3]
 A[4]
 A[5]
 A[6]
 A[7]
 B[0]
 B[1]
 B[2]
 B[3]
 B[4]
 B[5]
 B[6]
 B[7]
 opcode[0]
 opcode[1]
 opcode[2]
 _161_/X
 _162_/Y
 _163_/X
 _164_/Y
 _165_/Y
 _166_/X
 _167_/Y
 _168_/X
 _169_/X
 _170_/Y
 _171_/X
 _172_/X
 _173_/X
 _174_/Y
 _175_/X
 _176_/Y
 _177_/X
 _178_/X
 _179_/X
 _180_/Y
 _181_/Y
 _182_/Y
 _183_/X
 _184_/X
 _185_/Y
 _186_/X
 _187_/X
 _188_/X
 _189_/X
 _190_/Y
 _191_/Y
 _192_/X
 _193_/X
 _194_/X
 _195_/Y
 _196_/X
 _197_/Y
 _198_/X
 _199_/Y
 _200_/Y
 _201_/X
 _202_/Y
 _203_/Y
 _204_/X
 _205_/X
 _206_/Y
 _207_/Y
 _208_/Y
 _209_/Y
 _210_/X
 _211_/Y
 _212_/Y
 _213_/Y
 _214_/X
 _215_/X
 _216_/X
 _217_/X
 _218_/Y
 _219_/X
 _220_/X
 _221_/Y
 _222_/Y
 _223_/X
 _224_/X
 _225_/Y
 _226_/X
 _227_/Y
 _228_/Y
 _229_/Y
 _230_/Y
 _231_/Y
 _232_/Y
 _233_/X
 _234_/X
 _235_/Y
 _236_/X
 _237_/Y
 _238_/Y
 _239_/Y
 _240_/Y
 _241_/Y
 _242_/X
 _243_/Y
 _244_/Y
 _245_/Y
 _246_/X
 _247_/Y
 _248_/X
 _249_/X
 _250_/X
 _251_/Y
 _252_/Y
 _253_/X
 _254_/Y
 _255_/X
 _256_/Y
 _257_/X
 _258_/Y
 _259_/Y
 _260_/Y
 _261_/X
 _262_/X
 _263_/X
 _264_/Y
 _265_/X
 _266_/Y
 _267_/Y
 _268_/X
 _269_/Y
 _270_/Y
 _271_/X
 _272_/X
 _273_/Y
 _274_/Y
 _275_/Y
 _276_/Y
 _277_/Y
 _278_/X
 _279_/X
 _280_/Y
 _281_/X
 _282_/X
 _283_/Y
 _284_/X
 _285_/Y
 _286_/X
 _287_/X
 _288_/Y
 _289_/X
 _290_/Y
 _291_/X
 _292_/X
 _293_/X
 _294_/Y
 _295_/X
 _296_/Y
 _297_/X
 _298_/X
 _299_/X
 _300_/X
 _301_/X
 _302_/X
 _303_/X
 _304_/X
 _305_/X
 _306_/Y
 _307_/X
 _308_/X
 _309_/X
 _310_/X
 _311_/Y
 _312_/X
 _313_/Y
 _314_/X
 _315_/Y
 _316_/X
 _317_/X
 _318_/Y
 _319_/X
 _320_/Y
 _321_/X
 _322_/X
 _323_/Y
 _324_/Y
 _325_/X
 _326_/X
 _327_/X
 _328_/Y
 _329_/Y
Found 0 partially unannotated drivers.

===========================================================================
max slew violation count 0
max fanout violation count 0
max cap violation count 0
============================================================================

===========================================================================
check_setup -verbose -unconstrained_endpoints -multiple_clock -no_clock -no_input_delay -loops -generated_clocks
===========================================================================
