
===========================================================================
report_checks -path_delay max (Setup)
============================================================================
======================= Typical Corner ===================================

Startpoint: opcode[0] (input port clocked by __VIRTUAL_CLK__)
Endpoint: out[5] (output port clocked by __VIRTUAL_CLK__)
Path Group: __VIRTUAL_CLK__
Path Type: max

Fanout     Cap    Slew   Delay    Time   Description
-----------------------------------------------------------------------------
                  0.00    0.00    0.00   clock __VIRTUAL_CLK__ (rise edge)
                          0.00    0.00   clock network delay (ideal)
                          2.00    2.00 v input external delay
     5    0.01    0.02    0.02    2.02 v opcode[0] (in)
                                         opcode[0] (net)
                  0.02    0.00    2.02 v _222_/A_N (sky130_fd_sc_hd__nand3b_2)
     8    0.02    0.15    0.28    2.30 v _222_/Y (sky130_fd_sc_hd__nand3b_2)
                                         _150_ (net)
                  0.15    0.00    2.30 v _234_/C (sky130_fd_sc_hd__and3_2)
     2    0.01    0.05    0.28    2.58 v _234_/X (sky130_fd_sc_hd__and3_2)
                                         _001_ (net)
                  0.05    0.00    2.58 v _236_/A1 (sky130_fd_sc_hd__o21a_2)
     4    0.01    0.06    0.25    2.82 v _236_/X (sky130_fd_sc_hd__o21a_2)
                                         _003_ (net)
                  0.06    0.00    2.82 v _239_/B1 (sky130_fd_sc_hd__a211oi_2)
     3    0.01    0.22    0.26    3.08 ^ _239_/Y (sky130_fd_sc_hd__a211oi_2)
                                         _006_ (net)
                  0.22    0.00    3.08 ^ _241_/A2 (sky130_fd_sc_hd__o21ai_2)
     5    0.01    0.08    0.12    3.20 v _241_/Y (sky130_fd_sc_hd__o21ai_2)
                                         _008_ (net)
                  0.08    0.00    3.20 v _248_/A2 (sky130_fd_sc_hd__a311o_2)
     5    0.01    0.09    0.44    3.64 v _248_/X (sky130_fd_sc_hd__a311o_2)
                                         _015_ (net)
                  0.09    0.00    3.64 v _249_/C (sky130_fd_sc_hd__and3_2)
     1    0.00    0.03    0.22    3.86 v _249_/X (sky130_fd_sc_hd__and3_2)
                                         _016_ (net)
                  0.03    0.00    3.86 v _253_/A (sky130_fd_sc_hd__or3_2)
     1    0.00    0.08    0.49    4.35 v _253_/X (sky130_fd_sc_hd__or3_2)
                                         _020_ (net)
                  0.08    0.00    4.35 v _254_/B2 (sky130_fd_sc_hd__a22oi_2)
     1    0.03    0.46    0.41    4.77 ^ _254_/Y (sky130_fd_sc_hd__a22oi_2)
                                         out[5] (net)
                  0.46    0.00    4.77 ^ out[5] (out)
                                  4.77   data arrival time

                  0.00   10.00   10.00   clock __VIRTUAL_CLK__ (rise edge)
                          0.00   10.00   clock network delay (ideal)
                         -0.25    9.75   clock uncertainty
                          0.00    9.75   clock reconvergence pessimism
                         -2.00    7.75   output external delay
                                  7.75   data required time
-----------------------------------------------------------------------------
                                  7.75   data required time
                                 -4.77   data arrival time
-----------------------------------------------------------------------------
                                  2.98   slack (MET)


Startpoint: opcode[0] (input port clocked by __VIRTUAL_CLK__)
Endpoint: out[6] (output port clocked by __VIRTUAL_CLK__)
Path Group: __VIRTUAL_CLK__
Path Type: max

Fanout     Cap    Slew   Delay    Time   Description
-----------------------------------------------------------------------------
                  0.00    0.00    0.00   clock __VIRTUAL_CLK__ (rise edge)
                          0.00    0.00   clock network delay (ideal)
                          2.00    2.00 v input external delay
     5    0.01    0.02    0.02    2.02 v opcode[0] (in)
                                         opcode[0] (net)
                  0.02    0.00    2.02 v _222_/A_N (sky130_fd_sc_hd__nand3b_2)
     8    0.02    0.15    0.28    2.30 v _222_/Y (sky130_fd_sc_hd__nand3b_2)
                                         _150_ (net)
                  0.15    0.00    2.30 v _234_/C (sky130_fd_sc_hd__and3_2)
     2    0.01    0.05    0.28    2.58 v _234_/X (sky130_fd_sc_hd__and3_2)
                                         _001_ (net)
                  0.05    0.00    2.58 v _236_/A1 (sky130_fd_sc_hd__o21a_2)
     4    0.01    0.06    0.25    2.82 v _236_/X (sky130_fd_sc_hd__o21a_2)
                                         _003_ (net)
                  0.06    0.00    2.82 v _239_/B1 (sky130_fd_sc_hd__a211oi_2)
     3    0.01    0.22    0.26    3.08 ^ _239_/Y (sky130_fd_sc_hd__a211oi_2)
                                         _006_ (net)
                  0.22    0.00    3.08 ^ _241_/A2 (sky130_fd_sc_hd__o21ai_2)
     5    0.01    0.08    0.12    3.20 v _241_/Y (sky130_fd_sc_hd__o21ai_2)
                                         _008_ (net)
                  0.08    0.00    3.20 v _248_/A2 (sky130_fd_sc_hd__a311o_2)
     5    0.01    0.09    0.44    3.64 v _248_/X (sky130_fd_sc_hd__a311o_2)
                                         _015_ (net)
                  0.09    0.00    3.64 v _261_/A3 (sky130_fd_sc_hd__a31o_2)
     1    0.00    0.04    0.26    3.90 v _261_/X (sky130_fd_sc_hd__a31o_2)
                                         _027_ (net)
                  0.04    0.00    3.90 v _262_/A2 (sky130_fd_sc_hd__a21o_2)
     1    0.00    0.03    0.20    4.10 v _262_/X (sky130_fd_sc_hd__a21o_2)
                                         _028_ (net)
                  0.03    0.00    4.10 v _263_/B (sky130_fd_sc_hd__or2_2)
     1    0.00    0.06    0.28    4.38 v _263_/X (sky130_fd_sc_hd__or2_2)
                                         _029_ (net)
                  0.06    0.00    4.38 v _274_/B1 (sky130_fd_sc_hd__a22oi_2)
     1    0.03    0.46    0.38    4.76 ^ _274_/Y (sky130_fd_sc_hd__a22oi_2)
                                         out[6] (net)
                  0.46    0.00    4.76 ^ out[6] (out)
                                  4.76   data arrival time

                  0.00   10.00   10.00   clock __VIRTUAL_CLK__ (rise edge)
                          0.00   10.00   clock network delay (ideal)
                         -0.25    9.75   clock uncertainty
                          0.00    9.75   clock reconvergence pessimism
                         -2.00    7.75   output external delay
                                  7.75   data required time
-----------------------------------------------------------------------------
                                  7.75   data required time
                                 -4.76   data arrival time
-----------------------------------------------------------------------------
                                  2.99   slack (MET)


Startpoint: B[1] (input port clocked by __VIRTUAL_CLK__)
Endpoint: out[7] (output port clocked by __VIRTUAL_CLK__)
Path Group: __VIRTUAL_CLK__
Path Type: max

Fanout     Cap    Slew   Delay    Time   Description
-----------------------------------------------------------------------------
                  0.00    0.00    0.00   clock __VIRTUAL_CLK__ (rise edge)
                          0.00    0.00   clock network delay (ideal)
                          2.00    2.00 v input external delay
     3    0.00    0.01    0.01    2.01 v B[1] (in)
                                         B[1] (net)
                  0.01    0.00    2.01 v _169_/A (sky130_fd_sc_hd__buf_1)
    10    0.03    0.17    0.20    2.21 v _169_/X (sky130_fd_sc_hd__buf_1)
                                         _097_ (net)
                  0.17    0.00    2.21 v _223_/A2 (sky130_fd_sc_hd__o41a_2)
     3    0.01    0.09    0.58    2.78 v _223_/X (sky130_fd_sc_hd__o41a_2)
                                         _151_ (net)
                  0.09    0.00    2.78 v _229_/B (sky130_fd_sc_hd__xnor2_2)
     2    0.01    0.05    0.16    2.94 v _229_/Y (sky130_fd_sc_hd__xnor2_2)
                                         _157_ (net)
                  0.05    0.00    2.94 v _246_/B (sky130_fd_sc_hd__or2_2)
     1    0.00    0.06    0.29    3.23 v _246_/X (sky130_fd_sc_hd__or2_2)
                                         _013_ (net)
                  0.06    0.00    3.23 v _247_/B (sky130_fd_sc_hd__nand2_2)
     2    0.01    0.06    0.08    3.31 ^ _247_/Y (sky130_fd_sc_hd__nand2_2)
                                         _014_ (net)
                  0.06    0.00    3.31 ^ _248_/C1 (sky130_fd_sc_hd__a311o_2)
     5    0.02    0.10    0.16    3.47 ^ _248_/X (sky130_fd_sc_hd__a311o_2)
                                         _015_ (net)
                  0.10    0.00    3.47 ^ _260_/A3 (sky130_fd_sc_hd__a311oi_2)
     3    0.01    0.10    0.13    3.60 v _260_/Y (sky130_fd_sc_hd__a311oi_2)
                                         _026_ (net)
                  0.10    0.00    3.60 v _281_/B (sky130_fd_sc_hd__or3_2)
     1    0.00    0.07    0.47    4.07 v _281_/X (sky130_fd_sc_hd__or3_2)
                                         _046_ (net)
                  0.07    0.00    4.07 v _282_/C (sky130_fd_sc_hd__and3_2)
     1    0.00    0.04    0.22    4.29 v _282_/X (sky130_fd_sc_hd__and3_2)
                                         _047_ (net)
                  0.04    0.00    4.29 v _289_/A2 (sky130_fd_sc_hd__o31a_2)
     1    0.03    0.12    0.43    4.71 v _289_/X (sky130_fd_sc_hd__o31a_2)
                                         out[7] (net)
                  0.12    0.00    4.71 v out[7] (out)
                                  4.71   data arrival time

                  0.00   10.00   10.00   clock __VIRTUAL_CLK__ (rise edge)
                          0.00   10.00   clock network delay (ideal)
                         -0.25    9.75   clock uncertainty
                          0.00    9.75   clock reconvergence pessimism
                         -2.00    7.75   output external delay
                                  7.75   data required time
-----------------------------------------------------------------------------
                                  7.75   data required time
                                 -4.71   data arrival time
-----------------------------------------------------------------------------
                                  3.04   slack (MET)


Startpoint: B[1] (input port clocked by __VIRTUAL_CLK__)
Endpoint: out[4] (output port clocked by __VIRTUAL_CLK__)
Path Group: __VIRTUAL_CLK__
Path Type: max

Fanout     Cap    Slew   Delay    Time   Description
-----------------------------------------------------------------------------
                  0.00    0.00    0.00   clock __VIRTUAL_CLK__ (rise edge)
                          0.00    0.00   clock network delay (ideal)
                          2.00    2.00 ^ input external delay
     3    0.01    0.03    0.02    2.02 ^ B[1] (in)
                                         B[1] (net)
                  0.03    0.00    2.02 ^ _169_/A (sky130_fd_sc_hd__buf_1)
    10    0.03    0.39    0.33    2.35 ^ _169_/X (sky130_fd_sc_hd__buf_1)
                                         _097_ (net)
                  0.39    0.00    2.35 ^ _170_/A1 (sky130_fd_sc_hd__a22oi_2)
     2    0.00    0.09    0.14    2.48 v _170_/Y (sky130_fd_sc_hd__a22oi_2)
                                         _098_ (net)
                  0.09    0.00    2.48 v _172_/B_N (sky130_fd_sc_hd__and4bb_2)
     3    0.01    0.10    0.37    2.85 ^ _172_/X (sky130_fd_sc_hd__and4bb_2)
                                         _100_ (net)
                  0.10    0.00    2.85 ^ _185_/A (sky130_fd_sc_hd__nor2_2)
     2    0.01    0.04    0.07    2.92 v _185_/Y (sky130_fd_sc_hd__nor2_2)
                                         _113_ (net)
                  0.04    0.00    2.92 v _191_/A (sky130_fd_sc_hd__xnor2_2)
     2    0.01    0.20    0.21    3.13 ^ _191_/Y (sky130_fd_sc_hd__xnor2_2)
                                         _119_ (net)
                  0.20    0.00    3.13 ^ _193_/A3 (sky130_fd_sc_hd__a31o_2)
     2    0.01    0.09    0.23    3.37 ^ _193_/X (sky130_fd_sc_hd__a31o_2)
                                         _121_ (net)
                  0.09    0.00    3.37 ^ _194_/B (sky130_fd_sc_hd__xor2_2)
     2    0.01    0.21    0.23    3.60 ^ _194_/X (sky130_fd_sc_hd__xor2_2)
                                         _122_ (net)
                  0.21    0.00    3.60 ^ _321_/A (sky130_fd_sc_hd__xor2_2)
     1    0.01    0.12    0.17    3.76 ^ _321_/X (sky130_fd_sc_hd__xor2_2)
                                         _081_ (net)
                  0.12    0.00    3.76 ^ _328_/A2 (sky130_fd_sc_hd__a21oi_2)
     1    0.00    0.07    0.07    3.84 v _328_/Y (sky130_fd_sc_hd__a21oi_2)
                                         _088_ (net)
                  0.07    0.00    3.84 v _329_/B1 (sky130_fd_sc_hd__a21oi_2)
     1    0.03    0.42    0.36    4.19 ^ _329_/Y (sky130_fd_sc_hd__a21oi_2)
                                         out[4] (net)
                  0.42    0.00    4.19 ^ out[4] (out)
                                  4.19   data arrival time

                  0.00   10.00   10.00   clock __VIRTUAL_CLK__ (rise edge)
                          0.00   10.00   clock network delay (ideal)
                         -0.25    9.75   clock uncertainty
                          0.00    9.75   clock reconvergence pessimism
                         -2.00    7.75   output external delay
                                  7.75   data required time
-----------------------------------------------------------------------------
                                  7.75   data required time
                                 -4.19   data arrival time
-----------------------------------------------------------------------------
                                  3.56   slack (MET)


Startpoint: B[0] (input port clocked by __VIRTUAL_CLK__)
Endpoint: out[3] (output port clocked by __VIRTUAL_CLK__)
Path Group: __VIRTUAL_CLK__
Path Type: max

Fanout     Cap    Slew   Delay    Time   Description
-----------------------------------------------------------------------------
                  0.00    0.00    0.00   clock __VIRTUAL_CLK__ (rise edge)
                          0.00    0.00   clock network delay (ideal)
                          2.00    2.00 v input external delay
     8    0.02    0.05    0.04    2.04 v B[0] (in)
                                         B[0] (net)
                  0.05    0.00    2.04 v _186_/A (sky130_fd_sc_hd__buf_1)
    10    0.03    0.16    0.21    2.24 v _186_/X (sky130_fd_sc_hd__buf_1)
                                         _114_ (net)
                  0.16    0.00    2.24 v _242_/A1 (sky130_fd_sc_hd__o31a_2)
     1    0.01    0.07    0.42    2.66 v _242_/X (sky130_fd_sc_hd__o31a_2)
                                         _009_ (net)
                  0.07    0.00    2.66 v _243_/B (sky130_fd_sc_hd__xnor2_2)
     2    0.01    0.18    0.18    2.84 ^ _243_/Y (sky130_fd_sc_hd__xnor2_2)
                                         _010_ (net)
                  0.18    0.00    2.84 ^ _245_/B (sky130_fd_sc_hd__nor2_2)
     3    0.01    0.08    0.06    2.90 v _245_/Y (sky130_fd_sc_hd__nor2_2)
                                         _012_ (net)
                  0.08    0.00    2.90 v _312_/A (sky130_fd_sc_hd__or2b_2)
     2    0.01    0.06    0.33    3.23 v _312_/X (sky130_fd_sc_hd__or2b_2)
                                         _073_ (net)
                  0.06    0.00    3.23 v _314_/A3 (sky130_fd_sc_hd__a31o_2)
     1    0.00    0.04    0.26    3.49 v _314_/X (sky130_fd_sc_hd__a31o_2)
                                         _075_ (net)
                  0.04    0.00    3.49 v _318_/A2 (sky130_fd_sc_hd__o21bai_2)
     1    0.00    0.08    0.09    3.58 ^ _318_/Y (sky130_fd_sc_hd__o21bai_2)
                                         _079_ (net)
                  0.08    0.00    3.58 ^ _319_/B1_N (sky130_fd_sc_hd__o21ba_2)
     1    0.00    0.04    0.17    3.75 v _319_/X (sky130_fd_sc_hd__o21ba_2)
                                         _080_ (net)
                  0.04    0.00    3.75 v _320_/B1 (sky130_fd_sc_hd__a21oi_2)
     1    0.03    0.42    0.34    4.10 ^ _320_/Y (sky130_fd_sc_hd__a21oi_2)
                                         out[3] (net)
                  0.42    0.00    4.10 ^ out[3] (out)
                                  4.10   data arrival time

                  0.00   10.00   10.00   clock __VIRTUAL_CLK__ (rise edge)
                          0.00   10.00   clock network delay (ideal)
                         -0.25    9.75   clock uncertainty
                          0.00    9.75   clock reconvergence pessimism
                         -2.00    7.75   output external delay
                                  7.75   data required time
-----------------------------------------------------------------------------
                                  7.75   data required time
                                 -4.10   data arrival time
-----------------------------------------------------------------------------
                                  3.65   slack (MET)


Startpoint: opcode[0] (input port clocked by __VIRTUAL_CLK__)
Endpoint: out[1] (output port clocked by __VIRTUAL_CLK__)
Path Group: __VIRTUAL_CLK__
Path Type: max

Fanout     Cap    Slew   Delay    Time   Description
-----------------------------------------------------------------------------
                  0.00    0.00    0.00   clock __VIRTUAL_CLK__ (rise edge)
                          0.00    0.00   clock network delay (ideal)
                          2.00    2.00 v input external delay
     5    0.01    0.02    0.02    2.02 v opcode[0] (in)
                                         opcode[0] (net)
                  0.02    0.00    2.02 v _222_/A_N (sky130_fd_sc_hd__nand3b_2)
     8    0.02    0.15    0.28    2.30 v _222_/Y (sky130_fd_sc_hd__nand3b_2)
                                         _150_ (net)
                  0.15    0.00    2.30 v _234_/C (sky130_fd_sc_hd__and3_2)
     2    0.01    0.05    0.28    2.58 v _234_/X (sky130_fd_sc_hd__and3_2)
                                         _001_ (net)
                  0.05    0.00    2.58 v _236_/A1 (sky130_fd_sc_hd__o21a_2)
     4    0.01    0.06    0.25    2.82 v _236_/X (sky130_fd_sc_hd__o21a_2)
                                         _003_ (net)
                  0.06    0.00    2.82 v _239_/B1 (sky130_fd_sc_hd__a211oi_2)
     3    0.01    0.22    0.26    3.08 ^ _239_/Y (sky130_fd_sc_hd__a211oi_2)
                                         _006_ (net)
                  0.22    0.00    3.08 ^ _300_/A (sky130_fd_sc_hd__or3_2)
     1    0.00    0.03    0.16    3.24 ^ _300_/X (sky130_fd_sc_hd__or3_2)
                                         _063_ (net)
                  0.03    0.00    3.24 ^ _301_/C_N (sky130_fd_sc_hd__or3b_2)
     1    0.00    0.07    0.44    3.68 v _301_/X (sky130_fd_sc_hd__or3b_2)
                                         _064_ (net)
                  0.07    0.00    3.68 v _302_/B2 (sky130_fd_sc_hd__o2bb2a_2)
     1    0.03    0.11    0.36    4.04 v _302_/X (sky130_fd_sc_hd__o2bb2a_2)
                                         out[1] (net)
                  0.11    0.00    4.04 v out[1] (out)
                                  4.04   data arrival time

                  0.00   10.00   10.00   clock __VIRTUAL_CLK__ (rise edge)
                          0.00   10.00   clock network delay (ideal)
                         -0.25    9.75   clock uncertainty
                          0.00    9.75   clock reconvergence pessimism
                         -2.00    7.75   output external delay
                                  7.75   data required time
-----------------------------------------------------------------------------
                                  7.75   data required time
                                 -4.04   data arrival time
-----------------------------------------------------------------------------
                                  3.71   slack (MET)


Startpoint: B[1] (input port clocked by __VIRTUAL_CLK__)
Endpoint: out[2] (output port clocked by __VIRTUAL_CLK__)
Path Group: __VIRTUAL_CLK__
Path Type: max

Fanout     Cap    Slew   Delay    Time   Description
-----------------------------------------------------------------------------
                  0.00    0.00    0.00   clock __VIRTUAL_CLK__ (rise edge)
                          0.00    0.00   clock network delay (ideal)
                          2.00    2.00 ^ input external delay
     3    0.01    0.03    0.02    2.02 ^ B[1] (in)
                                         B[1] (net)
                  0.03    0.00    2.02 ^ _169_/A (sky130_fd_sc_hd__buf_1)
    10    0.03    0.39    0.33    2.35 ^ _169_/X (sky130_fd_sc_hd__buf_1)
                                         _097_ (net)
                  0.39    0.00    2.35 ^ _234_/B (sky130_fd_sc_hd__and3_2)
     2    0.01    0.07    0.28    2.63 ^ _234_/X (sky130_fd_sc_hd__and3_2)
                                         _001_ (net)
                  0.07    0.00    2.63 ^ _236_/A1 (sky130_fd_sc_hd__o21a_2)
     4    0.01    0.09    0.18    2.81 ^ _236_/X (sky130_fd_sc_hd__o21a_2)
                                         _003_ (net)
                  0.09    0.00    2.81 ^ _239_/B1 (sky130_fd_sc_hd__a211oi_2)
     3    0.01    0.09    0.06    2.87 v _239_/Y (sky130_fd_sc_hd__a211oi_2)
                                         _006_ (net)
                  0.09    0.00    2.87 v _305_/C (sky130_fd_sc_hd__or3_2)
     1    0.00    0.07    0.43    3.30 v _305_/X (sky130_fd_sc_hd__or3_2)
                                         _067_ (net)
                  0.07    0.00    3.30 v _309_/A3 (sky130_fd_sc_hd__a31o_2)
     1    0.00    0.03    0.25    3.55 v _309_/X (sky130_fd_sc_hd__a31o_2)
                                         _071_ (net)
                  0.03    0.00    3.55 v _310_/B2 (sky130_fd_sc_hd__o2bb2a_2)
     1    0.03    0.11    0.34    3.90 v _310_/X (sky130_fd_sc_hd__o2bb2a_2)
                                         out[2] (net)
                  0.11    0.00    3.90 v out[2] (out)
                                  3.90   data arrival time

                  0.00   10.00   10.00   clock __VIRTUAL_CLK__ (rise edge)
                          0.00   10.00   clock network delay (ideal)
                         -0.25    9.75   clock uncertainty
                          0.00    9.75   clock reconvergence pessimism
                         -2.00    7.75   output external delay
                                  7.75   data required time
-----------------------------------------------------------------------------
                                  7.75   data required time
                                 -3.90   data arrival time
-----------------------------------------------------------------------------
                                  3.85   slack (MET)


Startpoint: opcode[0] (input port clocked by __VIRTUAL_CLK__)
Endpoint: out[0] (output port clocked by __VIRTUAL_CLK__)
Path Group: __VIRTUAL_CLK__
Path Type: max

Fanout     Cap    Slew   Delay    Time   Description
-----------------------------------------------------------------------------
                  0.00    0.00    0.00   clock __VIRTUAL_CLK__ (rise edge)
                          0.00    0.00   clock network delay (ideal)
                          2.00    2.00 v input external delay
     5    0.01    0.02    0.02    2.02 v opcode[0] (in)
                                         opcode[0] (net)
                  0.02    0.00    2.02 v _161_/A (sky130_fd_sc_hd__or2_2)
     3    0.01    0.08    0.33    2.34 v _161_/X (sky130_fd_sc_hd__or2_2)
                                         _089_ (net)
                  0.08    0.00    2.34 v _250_/C (sky130_fd_sc_hd__and3_2)
     4    0.01    0.06    0.25    2.60 v _250_/X (sky130_fd_sc_hd__and3_2)
                                         _017_ (net)
                  0.06    0.00    2.60 v _251_/A (sky130_fd_sc_hd__inv_2)
     5    0.01    0.07    0.08    2.68 ^ _251_/Y (sky130_fd_sc_hd__inv_2)
                                         _018_ (net)
                  0.07    0.00    2.68 ^ _290_/B1 (sky130_fd_sc_hd__a22oi_2)
     1    0.00    0.09    0.05    2.73 v _290_/Y (sky130_fd_sc_hd__a22oi_2)
                                         _054_ (net)
                  0.09    0.00    2.73 v _292_/A2 (sky130_fd_sc_hd__o32a_2)
     1    0.00    0.05    0.38    3.11 v _292_/X (sky130_fd_sc_hd__o32a_2)
                                         _056_ (net)
                  0.05    0.00    3.11 v _293_/B1 (sky130_fd_sc_hd__a21o_2)
     1    0.03    0.10    0.28    3.39 v _293_/X (sky130_fd_sc_hd__a21o_2)
                                         out[0] (net)
                  0.10    0.00    3.39 v out[0] (out)
                                  3.39   data arrival time

                  0.00   10.00   10.00   clock __VIRTUAL_CLK__ (rise edge)
                          0.00   10.00   clock network delay (ideal)
                         -0.25    9.75   clock uncertainty
                          0.00    9.75   clock reconvergence pessimism
                         -2.00    7.75   output external delay
                                  7.75   data required time
-----------------------------------------------------------------------------
                                  7.75   data required time
                                 -3.39   data arrival time
-----------------------------------------------------------------------------
                                  4.36   slack (MET)



worst slack corner Typical: 2.9816
