
===========================================================================
report_checks -path_delay min (Hold)
============================================================================
======================= Typical Corner ===================================

Startpoint: A[4] (input port clocked by __VIRTUAL_CLK__)
Endpoint: out[4] (output port clocked by __VIRTUAL_CLK__)
Path Group: __VIRTUAL_CLK__
Path Type: min

Fanout     Cap    Slew   Delay    Time   Description
-----------------------------------------------------------------------------
                  0.00    0.00    0.00   clock __VIRTUAL_CLK__ (rise edge)
                          0.00    0.00   clock network delay (ideal)
                          2.00    2.00 ^ input external delay
     6    0.02    0.10    0.06    2.06 ^ A[4] (in)
                                         A[4] (net)
                  0.10    0.00    2.06 ^ _329_/A1 (sky130_fd_sc_hd__a21oi_2)
     1    0.03    0.08    0.13    2.20 v _329_/Y (sky130_fd_sc_hd__a21oi_2)
                                         out[4] (net)
                  0.08    0.00    2.20 v out[4] (out)
                                  2.20   data arrival time

                  0.00    0.00    0.00   clock __VIRTUAL_CLK__ (rise edge)
                          0.00    0.00   clock network delay (ideal)
                          0.25    0.25   clock uncertainty
                          0.00    0.25   clock reconvergence pessimism
                         -2.00   -1.75   output external delay
                                 -1.75   data required time
-----------------------------------------------------------------------------
                                 -1.75   data required time
                                 -2.20   data arrival time
-----------------------------------------------------------------------------
                                  3.95   slack (MET)


Startpoint: A[5] (input port clocked by __VIRTUAL_CLK__)
Endpoint: out[5] (output port clocked by __VIRTUAL_CLK__)
Path Group: __VIRTUAL_CLK__
Path Type: min

Fanout     Cap    Slew   Delay    Time   Description
-----------------------------------------------------------------------------
                  0.00    0.00    0.00   clock __VIRTUAL_CLK__ (rise edge)
                          0.00    0.00   clock network delay (ideal)
                          2.00    2.00 ^ input external delay
     6    0.02    0.10    0.06    2.06 ^ A[5] (in)
                                         A[5] (net)
                  0.10    0.00    2.06 ^ _254_/A1 (sky130_fd_sc_hd__a22oi_2)
     1    0.03    0.15    0.16    2.22 v _254_/Y (sky130_fd_sc_hd__a22oi_2)
                                         out[5] (net)
                  0.15    0.00    2.22 v out[5] (out)
                                  2.22   data arrival time

                  0.00    0.00    0.00   clock __VIRTUAL_CLK__ (rise edge)
                          0.00    0.00   clock network delay (ideal)
                          0.25    0.25   clock uncertainty
                          0.00    0.25   clock reconvergence pessimism
                         -2.00   -1.75   output external delay
                                 -1.75   data required time
-----------------------------------------------------------------------------
                                 -1.75   data required time
                                 -2.22   data arrival time
-----------------------------------------------------------------------------
                                  3.97   slack (MET)


Startpoint: A[6] (input port clocked by __VIRTUAL_CLK__)
Endpoint: out[6] (output port clocked by __VIRTUAL_CLK__)
Path Group: __VIRTUAL_CLK__
Path Type: min

Fanout     Cap    Slew   Delay    Time   Description
-----------------------------------------------------------------------------
                  0.00    0.00    0.00   clock __VIRTUAL_CLK__ (rise edge)
                          0.00    0.00   clock network delay (ideal)
                          2.00    2.00 ^ input external delay
     6    0.03    0.13    0.09    2.09 ^ A[6] (in)
                                         A[6] (net)
                  0.13    0.00    2.09 ^ _274_/A1 (sky130_fd_sc_hd__a22oi_2)
     1    0.03    0.15    0.17    2.26 v _274_/Y (sky130_fd_sc_hd__a22oi_2)
                                         out[6] (net)
                  0.15    0.00    2.26 v out[6] (out)
                                  2.26   data arrival time

                  0.00    0.00    0.00   clock __VIRTUAL_CLK__ (rise edge)
                          0.00    0.00   clock network delay (ideal)
                          0.25    0.25   clock uncertainty
                          0.00    0.25   clock reconvergence pessimism
                         -2.00   -1.75   output external delay
                                 -1.75   data required time
-----------------------------------------------------------------------------
                                 -1.75   data required time
                                 -2.26   data arrival time
-----------------------------------------------------------------------------
                                  4.01   slack (MET)


Startpoint: A[7] (input port clocked by __VIRTUAL_CLK__)
Endpoint: out[7] (output port clocked by __VIRTUAL_CLK__)
Path Group: __VIRTUAL_CLK__
Path Type: min

Fanout     Cap    Slew   Delay    Time   Description
-----------------------------------------------------------------------------
                  0.00    0.00    0.00   clock __VIRTUAL_CLK__ (rise edge)
                          0.00    0.00   clock network delay (ideal)
                          2.00    2.00 ^ input external delay
     4    0.02    0.09    0.06    2.06 ^ A[7] (in)
                                         A[7] (net)
                  0.09    0.00    2.06 ^ _288_/A (sky130_fd_sc_hd__nand2_2)
     1    0.00    0.03    0.04    2.10 v _288_/Y (sky130_fd_sc_hd__nand2_2)
                                         _053_ (net)
                  0.03    0.00    2.10 v _289_/B1 (sky130_fd_sc_hd__o31a_2)
     1    0.03    0.09    0.16    2.26 v _289_/X (sky130_fd_sc_hd__o31a_2)
                                         out[7] (net)
                  0.09    0.00    2.26 v out[7] (out)
                                  2.26   data arrival time

                  0.00    0.00    0.00   clock __VIRTUAL_CLK__ (rise edge)
                          0.00    0.00   clock network delay (ideal)
                          0.25    0.25   clock uncertainty
                          0.00    0.25   clock reconvergence pessimism
                         -2.00   -1.75   output external delay
                                 -1.75   data required time
-----------------------------------------------------------------------------
                                 -1.75   data required time
                                 -2.26   data arrival time
-----------------------------------------------------------------------------
                                  4.01   slack (MET)


Startpoint: A[0] (input port clocked by __VIRTUAL_CLK__)
Endpoint: out[0] (output port clocked by __VIRTUAL_CLK__)
Path Group: __VIRTUAL_CLK__
Path Type: min

Fanout     Cap    Slew   Delay    Time   Description
-----------------------------------------------------------------------------
                  0.00    0.00    0.00   clock __VIRTUAL_CLK__ (rise edge)
                          0.00    0.00   clock network delay (ideal)
                          2.00    2.00 v input external delay
     2    0.01    0.02    0.01    2.01 v A[0] (in)
                                         A[0] (net)
                  0.02    0.00    2.01 v _237_/A (sky130_fd_sc_hd__inv_2)
     3    0.01    0.05    0.05    2.06 ^ _237_/Y (sky130_fd_sc_hd__inv_2)
                                         _004_ (net)
                  0.05    0.00    2.06 ^ _293_/A1 (sky130_fd_sc_hd__a21o_2)
     1    0.03    0.17    0.21    2.26 ^ _293_/X (sky130_fd_sc_hd__a21o_2)
                                         out[0] (net)
                  0.17    0.00    2.26 ^ out[0] (out)
                                  2.26   data arrival time

                  0.00    0.00    0.00   clock __VIRTUAL_CLK__ (rise edge)
                          0.00    0.00   clock network delay (ideal)
                          0.25    0.25   clock uncertainty
                          0.00    0.25   clock reconvergence pessimism
                         -2.00   -1.75   output external delay
                                 -1.75   data required time
-----------------------------------------------------------------------------
                                 -1.75   data required time
                                 -2.26   data arrival time
-----------------------------------------------------------------------------
                                  4.01   slack (MET)


Startpoint: A[1] (input port clocked by __VIRTUAL_CLK__)
Endpoint: out[1] (output port clocked by __VIRTUAL_CLK__)
Path Group: __VIRTUAL_CLK__
Path Type: min

Fanout     Cap    Slew   Delay    Time   Description
-----------------------------------------------------------------------------
                  0.00    0.00    0.00   clock __VIRTUAL_CLK__ (rise edge)
                          0.00    0.00   clock network delay (ideal)
                          2.00    2.00 ^ input external delay
    10    0.02    0.12    0.08    2.08 ^ A[1] (in)
                                         A[1] (net)
                  0.12    0.00    2.08 ^ _302_/A1_N (sky130_fd_sc_hd__o2bb2a_2)
     1    0.03    0.10    0.29    2.36 v _302_/X (sky130_fd_sc_hd__o2bb2a_2)
                                         out[1] (net)
                  0.10    0.00    2.36 v out[1] (out)
                                  2.36   data arrival time

                  0.00    0.00    0.00   clock __VIRTUAL_CLK__ (rise edge)
                          0.00    0.00   clock network delay (ideal)
                          0.25    0.25   clock uncertainty
                          0.00    0.25   clock reconvergence pessimism
                         -2.00   -1.75   output external delay
                                 -1.75   data required time
-----------------------------------------------------------------------------
                                 -1.75   data required time
                                 -2.36   data arrival time
-----------------------------------------------------------------------------
                                  4.11   slack (MET)


Startpoint: opcode[2] (input port clocked by __VIRTUAL_CLK__)
Endpoint: out[3] (output port clocked by __VIRTUAL_CLK__)
Path Group: __VIRTUAL_CLK__
Path Type: min

Fanout     Cap    Slew   Delay    Time   Description
-----------------------------------------------------------------------------
                  0.00    0.00    0.00   clock __VIRTUAL_CLK__ (rise edge)
                          0.00    0.00   clock network delay (ideal)
                          2.00    2.00 v input external delay
     6    0.02    0.05    0.03    2.03 v opcode[2] (in)
                                         opcode[2] (net)
                  0.05    0.00    2.03 v _164_/A (sky130_fd_sc_hd__inv_2)
     2    0.01    0.04    0.05    2.08 ^ _164_/Y (sky130_fd_sc_hd__inv_2)
                                         _092_ (net)
                  0.04    0.00    2.08 ^ _165_/A (sky130_fd_sc_hd__nor2_2)
     8    0.03    0.06    0.07    2.15 v _165_/Y (sky130_fd_sc_hd__nor2_2)
                                         _093_ (net)
                  0.06    0.00    2.15 v _311_/B1 (sky130_fd_sc_hd__o21ai_2)
     1    0.00    0.04    0.05    2.20 ^ _311_/Y (sky130_fd_sc_hd__o21ai_2)
                                         _072_ (net)
                  0.04    0.00    2.20 ^ _319_/A2 (sky130_fd_sc_hd__o21ba_2)
     1    0.00    0.04    0.12    2.31 ^ _319_/X (sky130_fd_sc_hd__o21ba_2)
                                         _080_ (net)
                  0.04    0.00    2.31 ^ _320_/B1 (sky130_fd_sc_hd__a21oi_2)
     1    0.03    0.08    0.07    2.39 v _320_/Y (sky130_fd_sc_hd__a21oi_2)
                                         out[3] (net)
                  0.08    0.00    2.39 v out[3] (out)
                                  2.39   data arrival time

                  0.00    0.00    0.00   clock __VIRTUAL_CLK__ (rise edge)
                          0.00    0.00   clock network delay (ideal)
                          0.25    0.25   clock uncertainty
                          0.00    0.25   clock reconvergence pessimism
                         -2.00   -1.75   output external delay
                                 -1.75   data required time
-----------------------------------------------------------------------------
                                 -1.75   data required time
                                 -2.39   data arrival time
-----------------------------------------------------------------------------
                                  4.14   slack (MET)


Startpoint: A[2] (input port clocked by __VIRTUAL_CLK__)
Endpoint: out[2] (output port clocked by __VIRTUAL_CLK__)
Path Group: __VIRTUAL_CLK__
Path Type: min

Fanout     Cap    Slew   Delay    Time   Description
-----------------------------------------------------------------------------
                  0.00    0.00    0.00   clock __VIRTUAL_CLK__ (rise edge)
                          0.00    0.00   clock network delay (ideal)
                          2.00    2.00 v input external delay
     4    0.01    0.02    0.02    2.02 v A[2] (in)
                                         A[2] (net)
                  0.02    0.00    2.02 v _173_/A (sky130_fd_sc_hd__buf_1)
    10    0.03    0.19    0.19    2.21 v _173_/X (sky130_fd_sc_hd__buf_1)
                                         _101_ (net)
                  0.19    0.00    2.21 v _310_/A1_N (sky130_fd_sc_hd__o2bb2a_2)
     1    0.03    0.18    0.40    2.61 ^ _310_/X (sky130_fd_sc_hd__o2bb2a_2)
                                         out[2] (net)
                  0.18    0.00    2.61 ^ out[2] (out)
                                  2.61   data arrival time

                  0.00    0.00    0.00   clock __VIRTUAL_CLK__ (rise edge)
                          0.00    0.00   clock network delay (ideal)
                          0.25    0.25   clock uncertainty
                          0.00    0.25   clock reconvergence pessimism
                         -2.00   -1.75   output external delay
                                 -1.75   data required time
-----------------------------------------------------------------------------
                                 -1.75   data required time
                                 -2.61   data arrival time
-----------------------------------------------------------------------------
                                  4.36   slack (MET)



worst slack corner Typical: 3.9451
