Sat May 03 12:34:36 +0000 2025 - Executing "{openroad -exit -no_init -python /openlane/scripts/odbpy/lefutil.py get_metal_layers -o /openlane/designs/project2/runs/RUN_2025.05.03_12.34.36/tmp/layers.list /root/.volare/sky130A/libs.ref/sky130_fd_sc_hd/techlef/sky130_fd_sc_hd__nom.tlef}"

Sat May 03 12:34:36 +0000 2025 - Executing "{/openlane/scripts/mergeLef.py -o /openlane/designs/project2/runs/RUN_2025.05.03_12.34.36/tmp/merged.nom.lef -i /root/.volare/sky130A/libs.ref/sky130_fd_sc_hd/techlef/sky130_fd_sc_hd__nom.tlef {/root/.volare/sky130A/libs.ref/sky130_fd_sc_hd/lef/sky130_ef_sc_hd.lef /root/.volare/sky130A/libs.ref/sky130_fd_sc_hd/lef/sky130_fd_sc_hd.lef} |& tee /dev/null}"

Sat May 03 12:34:36 +0000 2025 - Executing "{/openlane/scripts/mergeLef.py -o /openlane/designs/project2/runs/RUN_2025.05.03_12.34.36/tmp/merged.min.lef -i /root/.volare/sky130A/libs.ref/sky130_fd_sc_hd/techlef/sky130_fd_sc_hd__min.tlef {/root/.volare/sky130A/libs.ref/sky130_fd_sc_hd/lef/sky130_ef_sc_hd.lef /root/.volare/sky130A/libs.ref/sky130_fd_sc_hd/lef/sky130_fd_sc_hd.lef} |& tee /dev/null}"

Sat May 03 12:34:36 +0000 2025 - Executing "{/openlane/scripts/mergeLef.py -o /openlane/designs/project2/runs/RUN_2025.05.03_12.34.36/tmp/merged.max.lef -i /root/.volare/sky130A/libs.ref/sky130_fd_sc_hd/techlef/sky130_fd_sc_hd__max.tlef {/root/.volare/sky130A/libs.ref/sky130_fd_sc_hd/lef/sky130_ef_sc_hd.lef /root/.volare/sky130A/libs.ref/sky130_fd_sc_hd/lef/sky130_fd_sc_hd.lef} |& tee /dev/null}"

Sat May 03 12:34:36 +0000 2025 - Executing "{python3 /openlane/scripts/mergeLib.py --output /openlane/designs/project2/runs/RUN_2025.05.03_12.34.36/tmp/synthesis/merged.lib --name sky130A_merged /root/.volare/sky130A/libs.ref/sky130_fd_sc_hd/lib/sky130_fd_sc_hd__tt_025C_1v80.lib}"

Sat May 03 12:34:36 +0000 2025 - Executing "{python3 /openlane/scripts/libtrim.py --cell-file /openlane/designs/project2/runs/RUN_2025.05.03_12.34.36/tmp/synthesis/trimmed.lib.exclude.list --output /openlane/designs/project2/runs/RUN_2025.05.03_12.34.36/tmp/synthesis/trimmed.lib /openlane/designs/project2/runs/RUN_2025.05.03_12.34.36/tmp/synthesis/merged.lib}"

Sat May 03 12:34:37 +0000 2025 - Executing "{python3 /openlane/scripts/libtrim.py --cell-file /openlane/designs/project2/runs/RUN_2025.05.03_12.34.36/tmp/cts/cts.lib.exclude.list --output /openlane/designs/project2/runs/RUN_2025.05.03_12.34.36/tmp/cts/cts.lib /root/.volare/sky130A/libs.ref/sky130_fd_sc_hd/lib/sky130_fd_sc_hd__tt_025C_1v80.lib}"

Sat May 03 12:34:37 +0000 2025 - Executing "{python3 /openlane/scripts/libtrim.py --cell-file /openlane/designs/project2/runs/RUN_2025.05.03_12.34.36/tmp/cts/cts-fastest.lib.exclude.list --output /openlane/designs/project2/runs/RUN_2025.05.03_12.34.36/tmp/cts/cts-fastest.lib /root/.volare/sky130A/libs.ref/sky130_fd_sc_hd/lib/sky130_fd_sc_hd__ff_n40C_1v95.lib}"

Sat May 03 12:34:37 +0000 2025 - Executing "{python3 /openlane/scripts/libtrim.py --cell-file /openlane/designs/project2/runs/RUN_2025.05.03_12.34.36/tmp/cts/cts-slowest.lib.exclude.list --output /openlane/designs/project2/runs/RUN_2025.05.03_12.34.36/tmp/cts/cts-slowest.lib /root/.volare/sky130A/libs.ref/sky130_fd_sc_hd/lib/sky130_fd_sc_hd__ss_100C_1v60.lib}"

Sat May 03 12:34:37 +0000 2025 - Executing "{python3 /openlane/scripts/new_tracks.py -i /root/.volare/sky130A/libs.tech/openlane/sky130_fd_sc_hd/tracks.info -o /openlane/designs/project2/runs/RUN_2025.05.03_12.34.36/tmp/routing/config.tracks}"

Sat May 03 12:34:37 +0000 2025 - Executing "{echo {OpenLane e73fb3c57e687a0023fcd4dcfd1566ecd478362a} > /openlane/designs/project2/runs/RUN_2025.05.03_12.34.36/OPENLANE_COMMIT}"

Sat May 03 12:34:37 +0000 2025 - Executing "{yosys -c /openlane/scripts/yosys/blackbox.tcl}"

Sat May 03 12:34:37 +0000 2025 - Executing "{verilator -Wall --lint-only --Wno-DECLFILENAME --top-module project2 /openlane/designs/project2/runs/RUN_2025.05.03_12.34.36/tmp/synthesis/blackbox/sky130_fd_sc_hd__blackbox.v /openlane/designs/project2/src/project2.v -Wno-fatal --relative-includes |& tee /openlane/designs/project2/runs/RUN_2025.05.03_12.34.36/logs/synthesis/linter.log /dev/null}"

Sat May 03 12:34:38 +0000 2025 - Executing "{sed -E {s/^([[:space:]]+)pg_pin(.*)/\1pin\2\n\1    direction : "inout";/g} /root/.volare/sky130A/libs.ref/sky130_fd_sc_hd/lib/sky130_fd_sc_hd__tt_025C_1v80.lib > /openlane/designs/project2/runs/RUN_2025.05.03_12.34.36/tmp/synthesis/1-sky130_fd_sc_hd__tt_025C_1v80.no_pg.lib}"

Sat May 03 12:34:38 +0000 2025 - Executing "{sed -E {s/^([[:space:]]+)pg_pin(.*)/\1pin\2\n\1    direction : "inout";/g} /openlane/designs/project2/runs/RUN_2025.05.03_12.34.36/tmp/synthesis/trimmed.lib > /openlane/designs/project2/runs/RUN_2025.05.03_12.34.36/tmp/synthesis/1-trimmed.no_pg.lib}"

Sat May 03 12:34:38 +0000 2025 - Executing "yosys -c /openlane/scripts/yosys/synth.tcl |& tee /dev/null /openlane/designs/project2/runs/RUN_2025.05.03_12.34.36/logs/synthesis/1-synthesis.log"

Sat May 03 12:34:38 +0000 2025 - Executing "{yosys -c /openlane/scripts/yosys/synth.tcl |& tee /dev/null /openlane/designs/project2/runs/RUN_2025.05.03_12.34.36/logs/synthesis/1-synthesis.log}"

Sat May 03 12:34:39 +0000 2025 - Executing "{sed -i.bak -e {s/\(set ::env(CURRENT_NETLIST)\).*/\1 \/openlane\/designs\/project2\/runs\/RUN_2025.05.03_12.34.36\/results\/synthesis\/project2.v/} /openlane/designs/project2/runs/RUN_2025.05.03_12.34.36/config.tcl}"

Sat May 03 12:34:39 +0000 2025 - Executing "{sed -i.bak /defparam/d /openlane/designs/project2/runs/RUN_2025.05.03_12.34.36/results/synthesis/project2.v}"

Sat May 03 12:34:39 +0000 2025 - Executing "sta -exit -no_init /openlane/scripts/openroad/sta/multi_corner.tcl |& tee /dev/null /openlane/designs/project2/runs/RUN_2025.05.03_12.34.36/logs/synthesis/2-sta.log"

Sat May 03 12:34:39 +0000 2025 - Executing "{sta -exit -no_init /openlane/scripts/openroad/sta/multi_corner.tcl |& tee /dev/null /openlane/designs/project2/runs/RUN_2025.05.03_12.34.36/logs/synthesis/2-sta.log}"

Sat May 03 12:34:39 +0000 2025 - Executing "openroad -exit /openlane/scripts/openroad/floorplan.tcl |& tee /dev/null /openlane/designs/project2/runs/RUN_2025.05.03_12.34.36/logs/floorplan/3-initial_fp.log"

Sat May 03 12:34:39 +0000 2025 - Executing "{openroad -exit /openlane/scripts/openroad/floorplan.tcl |& tee /dev/null /openlane/designs/project2/runs/RUN_2025.05.03_12.34.36/logs/floorplan/3-initial_fp.log}"

Sat May 03 12:34:40 +0000 2025 - Executing "{openroad -exit -no_init -python /openlane/scripts/odbpy/defutil.py extract_core_dims --output-data /openlane/designs/project2/runs/RUN_2025.05.03_12.34.36/tmp/dimensions.txt --input-lef /openlane/designs/project2/runs/RUN_2025.05.03_12.34.36/tmp/merged.nom.lef /openlane/designs/project2/runs/RUN_2025.05.03_12.34.36/tmp/floorplan/3-initial_fp.def}"

Sat May 03 12:34:40 +0000 2025 - Executing "{openroad -exit -no_init -python /openlane/scripts/odbpy/io_place.py --config /openlane/designs/project2/pin_order.cfg --hor-layer met3 --ver-layer met2 --ver-width-mult 2 --hor-width-mult 2 --hor-extension 0 --ver-extension 0 --length 4 --unmatched-error --input-lef /openlane/designs/project2/runs/RUN_2025.05.03_12.34.36/tmp/merged.nom.lef --output-def /openlane/designs/project2/runs/RUN_2025.05.03_12.34.36/tmp/floorplan/4-io.def --output /openlane/designs/project2/runs/RUN_2025.05.03_12.34.36/tmp/floorplan/4-io.odb /openlane/designs/project2/runs/RUN_2025.05.03_12.34.36/tmp/floorplan/3-initial_fp.odb |& tee /dev/null /openlane/designs/project2/runs/RUN_2025.05.03_12.34.36/logs/floorplan/4-place_io.log}"

Sat May 03 12:34:41 +0000 2025 - Executing "openroad -exit /openlane/scripts/openroad/tapcell.tcl |& tee /dev/null /openlane/designs/project2/runs/RUN_2025.05.03_12.34.36/logs/floorplan/5-tap.log"

Sat May 03 12:34:41 +0000 2025 - Executing "{openroad -exit /openlane/scripts/openroad/tapcell.tcl |& tee /dev/null /openlane/designs/project2/runs/RUN_2025.05.03_12.34.36/logs/floorplan/5-tap.log}"

Sat May 03 12:34:41 +0000 2025 - Executing "openroad -exit /openlane/scripts/openroad/pdn.tcl |& tee /dev/null /openlane/designs/project2/runs/RUN_2025.05.03_12.34.36/logs/floorplan/6-pdn.log"

Sat May 03 12:34:41 +0000 2025 - Executing "{openroad -exit /openlane/scripts/openroad/pdn.tcl |& tee /dev/null /openlane/designs/project2/runs/RUN_2025.05.03_12.34.36/logs/floorplan/6-pdn.log}"

Sat May 03 12:34:42 +0000 2025 - Executing "{openroad -exit -no_init -python /openlane/scripts/odbpy/random_place.py --input-lef /openlane/designs/project2/runs/RUN_2025.05.03_12.34.36/tmp/merged.nom.lef --output-def /openlane/designs/project2/runs/RUN_2025.05.03_12.34.36/tmp/placement/7-global.def --output /openlane/designs/project2/runs/RUN_2025.05.03_12.34.36/tmp/placement/7-global.odb /openlane/designs/project2/runs/RUN_2025.05.03_12.34.36/results/floorplan/project2.odb |& tee /dev/null /openlane/designs/project2/runs/RUN_2025.05.03_12.34.36/logs/placement/7-global.log}"

Sat May 03 12:34:42 +0000 2025 - Executing "openroad -exit /openlane/scripts/openroad/resizer.tcl |& tee /dev/null /openlane/designs/project2/runs/RUN_2025.05.03_12.34.36/logs/placement/8-resizer.log"

Sat May 03 12:34:42 +0000 2025 - Executing "{openroad -exit /openlane/scripts/openroad/resizer.tcl |& tee /dev/null /openlane/designs/project2/runs/RUN_2025.05.03_12.34.36/logs/placement/8-resizer.log}"

Sat May 03 12:35:05 +0000 2025 - Executing "{python3 /openlane/scripts/write_runtime.py --conclude --seconds --time-in 1746275705 {flow failed}}"

Sat May 03 12:35:05 +0000 2025 - Executing "{python3 /openlane/scripts/generate_reports.py -d /openlane/designs/project2 --design_name project2 --tag RUN_2025.05.03_12.34.36 --output_file /openlane/designs/project2/runs/RUN_2025.05.03_12.34.36/reports/metrics.csv --man_report /openlane/designs/project2/runs/RUN_2025.05.03_12.34.36/reports/manufacturability.rpt --run_path /openlane/designs/project2/runs/RUN_2025.05.03_12.34.36}"

